2011.03.30 12:42 B D:\DERSLER\SYT\SUNYServerSide11\Threads\ch23\fig23_13_14\Buffer.class --> efe.ege.edu.tr /usr/users/academic/erdur/wwwhome/2010-2011/SUNY/Threads/ch23/fig23_13_14 Buffer.class
2011.03.30 12:42 B D:\DERSLER\SYT\SUNYServerSide11\Threads\ch23\fig23_13_14\Buffer.java --> efe.ege.edu.tr /usr/users/academic/erdur/wwwhome/2010-2011/SUNY/Threads/ch23/fig23_13_14 Buffer.java
2011.03.30 12:42 B D:\DERSLER\SYT\SUNYServerSide11\Threads\ch23\fig23_13_14\CircularBuffer.class --> efe.ege.edu.tr /usr/users/academic/erdur/wwwhome/2010-2011/SUNY/Threads/ch23/fig23_13_14 CircularBuffer.class
2011.03.30 12:42 B D:\DERSLER\SYT\SUNYServerSide11\Threads\ch23\fig23_13_14\CircularBuffer.java --> efe.ege.edu.tr /usr/users/academic/erdur/wwwhome/2010-2011/SUNY/Threads/ch23/fig23_13_14 CircularBuffer.java
2011.03.30 12:42 B D:\DERSLER\SYT\SUNYServerSide11\Threads\ch23\fig23_13_14\CircularBufferTest.class --> efe.ege.edu.tr /usr/users/academic/erdur/wwwhome/2010-2011/SUNY/Threads/ch23/fig23_13_14 CircularBufferTest.class
2011.03.30 12:42 B D:\DERSLER\SYT\SUNYServerSide11\Threads\ch23\fig23_13_14\CircularBufferTest.java --> efe.ege.edu.tr /usr/users/academic/erdur/wwwhome/2010-2011/SUNY/Threads/ch23/fig23_13_14 CircularBufferTest.java
2011.03.30 12:42 B D:\DERSLER\SYT\SUNYServerSide11\Threads\ch23\fig23_13_14\Consumer.class --> efe.ege.edu.tr /usr/users/academic/erdur/wwwhome/2010-2011/SUNY/Threads/ch23/fig23_13_14 Consumer.class
2011.03.30 12:42 B D:\DERSLER\SYT\SUNYServerSide11\Threads\ch23\fig23_13_14\Consumer.java --> efe.ege.edu.tr /usr/users/academic/erdur/wwwhome/2010-2011/SUNY/Threads/ch23/fig23_13_14 Consumer.java
2011.03.30 12:42 B D:\DERSLER\SYT\SUNYServerSide11\Threads\ch23\fig23_13_14\Producer.class --> efe.ege.edu.tr /usr/users/academic/erdur/wwwhome/2010-2011/SUNY/Threads/ch23/fig23_13_14 Producer.class
2011.03.30 12:42 B D:\DERSLER\SYT\SUNYServerSide11\Threads\ch23\fig23_13_14\Producer.java --> efe.ege.edu.tr /usr/users/academic/erdur/wwwhome/2010-2011/SUNY/Threads/ch23/fig23_13_14 Producer.java
2012.02.27 13:24 B D:\DERSLER\SYT\syt11_12\Threads\ch23\fig23_13_14\Buffer.class --> efe.ege.edu.tr /usr/users/academic/erdur/wwwhome/2011-2012/436SunucuYazilimTekno/Threads/ch23/fig23_13_14 Buffer.class
2012.02.27 13:24 B D:\DERSLER\SYT\syt11_12\Threads\ch23\fig23_13_14\Buffer.java --> efe.ege.edu.tr /usr/users/academic/erdur/wwwhome/2011-2012/436SunucuYazilimTekno/Threads/ch23/fig23_13_14 Buffer.java
2012.02.27 13:24 B D:\DERSLER\SYT\syt11_12\Threads\ch23\fig23_13_14\CircularBuffer.class --> efe.ege.edu.tr /usr/users/academic/erdur/wwwhome/2011-2012/436SunucuYazilimTekno/Threads/ch23/fig23_13_14 CircularBuffer.class
2012.02.27 13:24 B D:\DERSLER\SYT\syt11_12\Threads\ch23\fig23_13_14\CircularBuffer.java --> efe.ege.edu.tr /usr/users/academic/erdur/wwwhome/2011-2012/436SunucuYazilimTekno/Threads/ch23/fig23_13_14 CircularBuffer.java
2012.02.27 13:24 B D:\DERSLER\SYT\syt11_12\Threads\ch23\fig23_13_14\CircularBufferTest.class --> efe.ege.edu.tr /usr/users/academic/erdur/wwwhome/2011-2012/436SunucuYazilimTekno/Threads/ch23/fig23_13_14 CircularBufferTest.class
2012.02.27 13:24 B D:\DERSLER\SYT\syt11_12\Threads\ch23\fig23_13_14\CircularBufferTest.java --> efe.ege.edu.tr /usr/users/academic/erdur/wwwhome/2011-2012/436SunucuYazilimTekno/Threads/ch23/fig23_13_14 CircularBufferTest.java
2012.02.27 13:24 B D:\DERSLER\SYT\syt11_12\Threads\ch23\fig23_13_14\Consumer.class --> efe.ege.edu.tr /usr/users/academic/erdur/wwwhome/2011-2012/436SunucuYazilimTekno/Threads/ch23/fig23_13_14 Consumer.class
2012.02.27 13:24 B D:\DERSLER\SYT\syt11_12\Threads\ch23\fig23_13_14\Consumer.java --> efe.ege.edu.tr /usr/users/academic/erdur/wwwhome/2011-2012/436SunucuYazilimTekno/Threads/ch23/fig23_13_14 Consumer.java
2012.02.27 13:24 B D:\DERSLER\SYT\syt11_12\Threads\ch23\fig23_13_14\Producer.class --> efe.ege.edu.tr /usr/users/academic/erdur/wwwhome/2011-2012/436SunucuYazilimTekno/Threads/ch23/fig23_13_14 Producer.class
2012.02.27 13:24 B D:\DERSLER\SYT\syt11_12\Threads\ch23\fig23_13_14\Producer.java --> efe.ege.edu.tr /usr/users/academic/erdur/wwwhome/2011-2012/436SunucuYazilimTekno/Threads/ch23/fig23_13_14 Producer.java
2012.02.27 13:24 B D:\DERSLER\SYT\syt11_12\Threads\ch23\fig23_13_14\WS_FTP.LOG --> efe.ege.edu.tr /usr/users/academic/erdur/wwwhome/2011-2012/436SunucuYazilimTekno/Threads/ch23/fig23_13_14 WS_FTP.LOG
