2011.03.30 12:41 B D:\DERSLER\SYT\SUNYServerSide11\Threads\ch23\fig23_06_10\Buffer.class --> efe.ege.edu.tr /usr/users/academic/erdur/wwwhome/2010-2011/SUNY/Threads/ch23/fig23_06_10 Buffer.class
2011.03.30 12:41 B D:\DERSLER\SYT\SUNYServerSide11\Threads\ch23\fig23_06_10\Buffer.java --> efe.ege.edu.tr /usr/users/academic/erdur/wwwhome/2010-2011/SUNY/Threads/ch23/fig23_06_10 Buffer.java
2011.03.30 12:41 B D:\DERSLER\SYT\SUNYServerSide11\Threads\ch23\fig23_06_10\Consumer.class --> efe.ege.edu.tr /usr/users/academic/erdur/wwwhome/2010-2011/SUNY/Threads/ch23/fig23_06_10 Consumer.class
2011.03.30 12:41 B D:\DERSLER\SYT\SUNYServerSide11\Threads\ch23\fig23_06_10\Consumer.java --> efe.ege.edu.tr /usr/users/academic/erdur/wwwhome/2010-2011/SUNY/Threads/ch23/fig23_06_10 Consumer.java
2011.03.30 12:41 B D:\DERSLER\SYT\SUNYServerSide11\Threads\ch23\fig23_06_10\Producer.class --> efe.ege.edu.tr /usr/users/academic/erdur/wwwhome/2010-2011/SUNY/Threads/ch23/fig23_06_10 Producer.class
2011.03.30 12:41 B D:\DERSLER\SYT\SUNYServerSide11\Threads\ch23\fig23_06_10\Producer.java --> efe.ege.edu.tr /usr/users/academic/erdur/wwwhome/2010-2011/SUNY/Threads/ch23/fig23_06_10 Producer.java
2011.03.30 12:41 B D:\DERSLER\SYT\SUNYServerSide11\Threads\ch23\fig23_06_10\SharedBufferTest.class --> efe.ege.edu.tr /usr/users/academic/erdur/wwwhome/2010-2011/SUNY/Threads/ch23/fig23_06_10 SharedBufferTest.class
2011.03.30 12:41 B D:\DERSLER\SYT\SUNYServerSide11\Threads\ch23\fig23_06_10\SharedBufferTest.java --> efe.ege.edu.tr /usr/users/academic/erdur/wwwhome/2010-2011/SUNY/Threads/ch23/fig23_06_10 SharedBufferTest.java
2011.03.30 12:41 B D:\DERSLER\SYT\SUNYServerSide11\Threads\ch23\fig23_06_10\UnsynchronizedBuffer.class --> efe.ege.edu.tr /usr/users/academic/erdur/wwwhome/2010-2011/SUNY/Threads/ch23/fig23_06_10 UnsynchronizedBuffer.class
2011.03.30 12:41 B D:\DERSLER\SYT\SUNYServerSide11\Threads\ch23\fig23_06_10\UnsynchronizedBuffer.java --> efe.ege.edu.tr /usr/users/academic/erdur/wwwhome/2010-2011/SUNY/Threads/ch23/fig23_06_10 UnsynchronizedBuffer.java
2012.02.27 13:24 B D:\DERSLER\SYT\syt11_12\Threads\ch23\fig23_06_10\Buffer.class --> efe.ege.edu.tr /usr/users/academic/erdur/wwwhome/2011-2012/436SunucuYazilimTekno/Threads/ch23/fig23_06_10 Buffer.class
2012.02.27 13:24 B D:\DERSLER\SYT\syt11_12\Threads\ch23\fig23_06_10\Buffer.java --> efe.ege.edu.tr /usr/users/academic/erdur/wwwhome/2011-2012/436SunucuYazilimTekno/Threads/ch23/fig23_06_10 Buffer.java
2012.02.27 13:24 B D:\DERSLER\SYT\syt11_12\Threads\ch23\fig23_06_10\Consumer.class --> efe.ege.edu.tr /usr/users/academic/erdur/wwwhome/2011-2012/436SunucuYazilimTekno/Threads/ch23/fig23_06_10 Consumer.class
2012.02.27 13:24 B D:\DERSLER\SYT\syt11_12\Threads\ch23\fig23_06_10\Consumer.java --> efe.ege.edu.tr /usr/users/academic/erdur/wwwhome/2011-2012/436SunucuYazilimTekno/Threads/ch23/fig23_06_10 Consumer.java
2012.02.27 13:24 B D:\DERSLER\SYT\syt11_12\Threads\ch23\fig23_06_10\Producer.class --> efe.ege.edu.tr /usr/users/academic/erdur/wwwhome/2011-2012/436SunucuYazilimTekno/Threads/ch23/fig23_06_10 Producer.class
2012.02.27 13:24 B D:\DERSLER\SYT\syt11_12\Threads\ch23\fig23_06_10\Producer.java --> efe.ege.edu.tr /usr/users/academic/erdur/wwwhome/2011-2012/436SunucuYazilimTekno/Threads/ch23/fig23_06_10 Producer.java
2012.02.27 13:24 B D:\DERSLER\SYT\syt11_12\Threads\ch23\fig23_06_10\SharedBufferTest.class --> efe.ege.edu.tr /usr/users/academic/erdur/wwwhome/2011-2012/436SunucuYazilimTekno/Threads/ch23/fig23_06_10 SharedBufferTest.class
2012.02.27 13:24 B D:\DERSLER\SYT\syt11_12\Threads\ch23\fig23_06_10\SharedBufferTest.java --> efe.ege.edu.tr /usr/users/academic/erdur/wwwhome/2011-2012/436SunucuYazilimTekno/Threads/ch23/fig23_06_10 SharedBufferTest.java
2012.02.27 13:24 B D:\DERSLER\SYT\syt11_12\Threads\ch23\fig23_06_10\UnsynchronizedBuffer.class --> efe.ege.edu.tr /usr/users/academic/erdur/wwwhome/2011-2012/436SunucuYazilimTekno/Threads/ch23/fig23_06_10 UnsynchronizedBuffer.class
2012.02.27 13:24 B D:\DERSLER\SYT\syt11_12\Threads\ch23\fig23_06_10\UnsynchronizedBuffer.java --> efe.ege.edu.tr /usr/users/academic/erdur/wwwhome/2011-2012/436SunucuYazilimTekno/Threads/ch23/fig23_06_10 UnsynchronizedBuffer.java
2012.02.27 13:24 B D:\DERSLER\SYT\syt11_12\Threads\ch23\fig23_06_10\WS_FTP.LOG --> efe.ege.edu.tr /usr/users/academic/erdur/wwwhome/2011-2012/436SunucuYazilimTekno/Threads/ch23/fig23_06_10 WS_FTP.LOG
