2011.03.30 12:42 B D:\DERSLER\SYT\SUNYServerSide11\Threads\ch23\fig23_15_16\BlockingBuffer.class --> efe.ege.edu.tr /usr/users/academic/erdur/wwwhome/2010-2011/SUNY/Threads/ch23/fig23_15_16 BlockingBuffer.class
2011.03.30 12:42 B D:\DERSLER\SYT\SUNYServerSide11\Threads\ch23\fig23_15_16\BlockingBuffer.java --> efe.ege.edu.tr /usr/users/academic/erdur/wwwhome/2010-2011/SUNY/Threads/ch23/fig23_15_16 BlockingBuffer.java
2011.03.30 12:42 B D:\DERSLER\SYT\SUNYServerSide11\Threads\ch23\fig23_15_16\BlockingBufferTest.class --> efe.ege.edu.tr /usr/users/academic/erdur/wwwhome/2010-2011/SUNY/Threads/ch23/fig23_15_16 BlockingBufferTest.class
2011.03.30 12:42 B D:\DERSLER\SYT\SUNYServerSide11\Threads\ch23\fig23_15_16\BlockingBufferTest.java --> efe.ege.edu.tr /usr/users/academic/erdur/wwwhome/2010-2011/SUNY/Threads/ch23/fig23_15_16 BlockingBufferTest.java
2011.03.30 12:42 B D:\DERSLER\SYT\SUNYServerSide11\Threads\ch23\fig23_15_16\Buffer.class --> efe.ege.edu.tr /usr/users/academic/erdur/wwwhome/2010-2011/SUNY/Threads/ch23/fig23_15_16 Buffer.class
2011.03.30 12:42 B D:\DERSLER\SYT\SUNYServerSide11\Threads\ch23\fig23_15_16\Buffer.java --> efe.ege.edu.tr /usr/users/academic/erdur/wwwhome/2010-2011/SUNY/Threads/ch23/fig23_15_16 Buffer.java
2011.03.30 12:42 B D:\DERSLER\SYT\SUNYServerSide11\Threads\ch23\fig23_15_16\Consumer.class --> efe.ege.edu.tr /usr/users/academic/erdur/wwwhome/2010-2011/SUNY/Threads/ch23/fig23_15_16 Consumer.class
2011.03.30 12:42 B D:\DERSLER\SYT\SUNYServerSide11\Threads\ch23\fig23_15_16\Consumer.java --> efe.ege.edu.tr /usr/users/academic/erdur/wwwhome/2010-2011/SUNY/Threads/ch23/fig23_15_16 Consumer.java
2011.03.30 12:42 B D:\DERSLER\SYT\SUNYServerSide11\Threads\ch23\fig23_15_16\Producer.class --> efe.ege.edu.tr /usr/users/academic/erdur/wwwhome/2010-2011/SUNY/Threads/ch23/fig23_15_16 Producer.class
2011.03.30 12:42 B D:\DERSLER\SYT\SUNYServerSide11\Threads\ch23\fig23_15_16\Producer.java --> efe.ege.edu.tr /usr/users/academic/erdur/wwwhome/2010-2011/SUNY/Threads/ch23/fig23_15_16 Producer.java
2012.02.27 13:24 B D:\DERSLER\SYT\syt11_12\Threads\ch23\fig23_15_16\BlockingBuffer.class --> efe.ege.edu.tr /usr/users/academic/erdur/wwwhome/2011-2012/436SunucuYazilimTekno/Threads/ch23/fig23_15_16 BlockingBuffer.class
2012.02.27 13:24 B D:\DERSLER\SYT\syt11_12\Threads\ch23\fig23_15_16\BlockingBuffer.java --> efe.ege.edu.tr /usr/users/academic/erdur/wwwhome/2011-2012/436SunucuYazilimTekno/Threads/ch23/fig23_15_16 BlockingBuffer.java
2012.02.27 13:24 B D:\DERSLER\SYT\syt11_12\Threads\ch23\fig23_15_16\BlockingBufferTest.class --> efe.ege.edu.tr /usr/users/academic/erdur/wwwhome/2011-2012/436SunucuYazilimTekno/Threads/ch23/fig23_15_16 BlockingBufferTest.class
2012.02.27 13:24 B D:\DERSLER\SYT\syt11_12\Threads\ch23\fig23_15_16\BlockingBufferTest.java --> efe.ege.edu.tr /usr/users/academic/erdur/wwwhome/2011-2012/436SunucuYazilimTekno/Threads/ch23/fig23_15_16 BlockingBufferTest.java
2012.02.27 13:24 B D:\DERSLER\SYT\syt11_12\Threads\ch23\fig23_15_16\Buffer.class --> efe.ege.edu.tr /usr/users/academic/erdur/wwwhome/2011-2012/436SunucuYazilimTekno/Threads/ch23/fig23_15_16 Buffer.class
2012.02.27 13:24 B D:\DERSLER\SYT\syt11_12\Threads\ch23\fig23_15_16\Buffer.java --> efe.ege.edu.tr /usr/users/academic/erdur/wwwhome/2011-2012/436SunucuYazilimTekno/Threads/ch23/fig23_15_16 Buffer.java
2012.02.27 13:24 B D:\DERSLER\SYT\syt11_12\Threads\ch23\fig23_15_16\Consumer.class --> efe.ege.edu.tr /usr/users/academic/erdur/wwwhome/2011-2012/436SunucuYazilimTekno/Threads/ch23/fig23_15_16 Consumer.class
2012.02.27 13:24 B D:\DERSLER\SYT\syt11_12\Threads\ch23\fig23_15_16\Consumer.java --> efe.ege.edu.tr /usr/users/academic/erdur/wwwhome/2011-2012/436SunucuYazilimTekno/Threads/ch23/fig23_15_16 Consumer.java
2012.02.27 13:24 B D:\DERSLER\SYT\syt11_12\Threads\ch23\fig23_15_16\Producer.class --> efe.ege.edu.tr /usr/users/academic/erdur/wwwhome/2011-2012/436SunucuYazilimTekno/Threads/ch23/fig23_15_16 Producer.class
2012.02.27 13:24 B D:\DERSLER\SYT\syt11_12\Threads\ch23\fig23_15_16\Producer.java --> efe.ege.edu.tr /usr/users/academic/erdur/wwwhome/2011-2012/436SunucuYazilimTekno/Threads/ch23/fig23_15_16 Producer.java
2012.02.27 13:24 B D:\DERSLER\SYT\syt11_12\Threads\ch23\fig23_15_16\WS_FTP.LOG --> efe.ege.edu.tr /usr/users/academic/erdur/wwwhome/2011-2012/436SunucuYazilimTekno/Threads/ch23/fig23_15_16 WS_FTP.LOG
