2011.03.30 12:42 B D:\DERSLER\SYT\SUNYServerSide11\Threads\ch23\fig23_11_12\Buffer.class --> efe.ege.edu.tr /usr/users/academic/erdur/wwwhome/2010-2011/SUNY/Threads/ch23/fig23_11_12 Buffer.class
2011.03.30 12:42 B D:\DERSLER\SYT\SUNYServerSide11\Threads\ch23\fig23_11_12\Buffer.java --> efe.ege.edu.tr /usr/users/academic/erdur/wwwhome/2010-2011/SUNY/Threads/ch23/fig23_11_12 Buffer.java
2011.03.30 12:42 B D:\DERSLER\SYT\SUNYServerSide11\Threads\ch23\fig23_11_12\Consumer.class --> efe.ege.edu.tr /usr/users/academic/erdur/wwwhome/2010-2011/SUNY/Threads/ch23/fig23_11_12 Consumer.class
2011.03.30 12:42 B D:\DERSLER\SYT\SUNYServerSide11\Threads\ch23\fig23_11_12\Consumer.java --> efe.ege.edu.tr /usr/users/academic/erdur/wwwhome/2010-2011/SUNY/Threads/ch23/fig23_11_12 Consumer.java
2011.03.30 12:42 B D:\DERSLER\SYT\SUNYServerSide11\Threads\ch23\fig23_11_12\Producer.class --> efe.ege.edu.tr /usr/users/academic/erdur/wwwhome/2010-2011/SUNY/Threads/ch23/fig23_11_12 Producer.class
2011.03.30 12:42 B D:\DERSLER\SYT\SUNYServerSide11\Threads\ch23\fig23_11_12\Producer.java --> efe.ege.edu.tr /usr/users/academic/erdur/wwwhome/2010-2011/SUNY/Threads/ch23/fig23_11_12 Producer.java
2011.03.30 12:42 B D:\DERSLER\SYT\SUNYServerSide11\Threads\ch23\fig23_11_12\SharedBufferTest2.class --> efe.ege.edu.tr /usr/users/academic/erdur/wwwhome/2010-2011/SUNY/Threads/ch23/fig23_11_12 SharedBufferTest2.class
2011.03.30 12:42 B D:\DERSLER\SYT\SUNYServerSide11\Threads\ch23\fig23_11_12\SharedBufferTest2.java --> efe.ege.edu.tr /usr/users/academic/erdur/wwwhome/2010-2011/SUNY/Threads/ch23/fig23_11_12 SharedBufferTest2.java
2011.03.30 12:42 B D:\DERSLER\SYT\SUNYServerSide11\Threads\ch23\fig23_11_12\SynchronizedBuffer.class --> efe.ege.edu.tr /usr/users/academic/erdur/wwwhome/2010-2011/SUNY/Threads/ch23/fig23_11_12 SynchronizedBuffer.class
2011.03.30 12:42 B D:\DERSLER\SYT\SUNYServerSide11\Threads\ch23\fig23_11_12\SynchronizedBuffer.java --> efe.ege.edu.tr /usr/users/academic/erdur/wwwhome/2010-2011/SUNY/Threads/ch23/fig23_11_12 SynchronizedBuffer.java
2012.02.27 13:24 B D:\DERSLER\SYT\syt11_12\Threads\ch23\fig23_11_12\Buffer.class --> efe.ege.edu.tr /usr/users/academic/erdur/wwwhome/2011-2012/436SunucuYazilimTekno/Threads/ch23/fig23_11_12 Buffer.class
2012.02.27 13:24 B D:\DERSLER\SYT\syt11_12\Threads\ch23\fig23_11_12\Buffer.java --> efe.ege.edu.tr /usr/users/academic/erdur/wwwhome/2011-2012/436SunucuYazilimTekno/Threads/ch23/fig23_11_12 Buffer.java
2012.02.27 13:24 B D:\DERSLER\SYT\syt11_12\Threads\ch23\fig23_11_12\Consumer.class --> efe.ege.edu.tr /usr/users/academic/erdur/wwwhome/2011-2012/436SunucuYazilimTekno/Threads/ch23/fig23_11_12 Consumer.class
2012.02.27 13:24 B D:\DERSLER\SYT\syt11_12\Threads\ch23\fig23_11_12\Consumer.java --> efe.ege.edu.tr /usr/users/academic/erdur/wwwhome/2011-2012/436SunucuYazilimTekno/Threads/ch23/fig23_11_12 Consumer.java
2012.02.27 13:24 B D:\DERSLER\SYT\syt11_12\Threads\ch23\fig23_11_12\Producer.class --> efe.ege.edu.tr /usr/users/academic/erdur/wwwhome/2011-2012/436SunucuYazilimTekno/Threads/ch23/fig23_11_12 Producer.class
2012.02.27 13:24 B D:\DERSLER\SYT\syt11_12\Threads\ch23\fig23_11_12\Producer.java --> efe.ege.edu.tr /usr/users/academic/erdur/wwwhome/2011-2012/436SunucuYazilimTekno/Threads/ch23/fig23_11_12 Producer.java
2012.02.27 13:24 B D:\DERSLER\SYT\syt11_12\Threads\ch23\fig23_11_12\SharedBufferTest2.class --> efe.ege.edu.tr /usr/users/academic/erdur/wwwhome/2011-2012/436SunucuYazilimTekno/Threads/ch23/fig23_11_12 SharedBufferTest2.class
2012.02.27 13:24 B D:\DERSLER\SYT\syt11_12\Threads\ch23\fig23_11_12\SharedBufferTest2.java --> efe.ege.edu.tr /usr/users/academic/erdur/wwwhome/2011-2012/436SunucuYazilimTekno/Threads/ch23/fig23_11_12 SharedBufferTest2.java
2012.02.27 13:24 B D:\DERSLER\SYT\syt11_12\Threads\ch23\fig23_11_12\SynchronizedBuffer.class --> efe.ege.edu.tr /usr/users/academic/erdur/wwwhome/2011-2012/436SunucuYazilimTekno/Threads/ch23/fig23_11_12 SynchronizedBuffer.class
2012.02.27 13:24 B D:\DERSLER\SYT\syt11_12\Threads\ch23\fig23_11_12\SynchronizedBuffer.java --> efe.ege.edu.tr /usr/users/academic/erdur/wwwhome/2011-2012/436SunucuYazilimTekno/Threads/ch23/fig23_11_12 SynchronizedBuffer.java
2012.02.27 13:24 B D:\DERSLER\SYT\syt11_12\Threads\ch23\fig23_11_12\WS_FTP.LOG --> efe.ege.edu.tr /usr/users/academic/erdur/wwwhome/2011-2012/436SunucuYazilimTekno/Threads/ch23/fig23_11_12 WS_FTP.LOG
